  Determining projects to restore...
  All projects are up-to-date for restore.
D:\FPT Education\SP26\PRN232\PRN232_code\PRN232\FoodQR.API\FoodQR.API\Controllers\TablesController.cs(116,28): warning CS8602: Dereference of a possibly null reference. [D:\FPT Education\SP26\PRN232\PRN232_code\PRN232\FoodQR.API\FoodQR.API\FoodQR.API.csproj]
D:\FPT Education\SP26\PRN232\PRN232_code\PRN232\FoodQR.API\FoodQR.API\Controllers\ProductsController.cs(48,32): warning CS8602: Dereference of a possibly null reference. [D:\FPT Education\SP26\PRN232\PRN232_code\PRN232\FoodQR.API\FoodQR.API\FoodQR.API.csproj]
D:\FPT Education\SP26\PRN232\PRN232_code\PRN232\FoodQR.API\FoodQR.API\Controllers\OrdersController.cs(112,65): warning CS8602: Dereference of a possibly null reference. [D:\FPT Education\SP26\PRN232\PRN232_code\PRN232\FoodQR.API\FoodQR.API\FoodQR.API.csproj]
D:\FPT Education\SP26\PRN232\PRN232_code\PRN232\FoodQR.API\FoodQR.API\Controllers\OrdersController.cs(115,65): warning CS8602: Dereference of a possibly null reference. [D:\FPT Education\SP26\PRN232\PRN232_code\PRN232\FoodQR.API\FoodQR.API\FoodQR.API.csproj]
D:\FPT Education\SP26\PRN232\PRN232_code\PRN232\FoodQR.API\FoodQR.API\Controllers\OrdersController.cs(117,75): warning CS8602: Dereference of a possibly null reference. [D:\FPT Education\SP26\PRN232\PRN232_code\PRN232\FoodQR.API\FoodQR.API\FoodQR.API.csproj]
D:\FPT Education\SP26\PRN232\PRN232_code\PRN232\FoodQR.API\FoodQR.API\Controllers\OrdersController.cs(118,77): warning CS8602: Dereference of a possibly null reference. [D:\FPT Education\SP26\PRN232\PRN232_code\PRN232\FoodQR.API\FoodQR.API\FoodQR.API.csproj]
D:\FPT Education\SP26\PRN232\PRN232_code\PRN232\FoodQR.API\FoodQR.API\Controllers\OrdersController.cs(119,78): warning CS8602: Dereference of a possibly null reference. [D:\FPT Education\SP26\PRN232\PRN232_code\PRN232\FoodQR.API\FoodQR.API\FoodQR.API.csproj]
D:\FPT Education\SP26\PRN232\PRN232_code\PRN232\FoodQR.API\FoodQR.API\Controllers\OrdersController.cs(147,29): warning CS8602: Dereference of a possibly null reference. [D:\FPT Education\SP26\PRN232\PRN232_code\PRN232\FoodQR.API\FoodQR.API\FoodQR.API.csproj]
D:\FPT Education\SP26\PRN232\PRN232_code\PRN232\FoodQR.API\FoodQR.API\Application\Services\OrderService.cs(317,31): warning CS8629: Nullable value type may be null. [D:\FPT Education\SP26\PRN232\PRN232_code\PRN232\FoodQR.API\FoodQR.API\FoodQR.API.csproj]
D:\FPT Education\SP26\PRN232\PRN232_code\PRN232\FoodQR.API\FoodQR.API\Application\Services\OrderService.cs(480,22): error CS1061: 'OrderItem' does not contain a definition for 'UpdatedAt' and no accessible extension method 'UpdatedAt' accepting a first argument of type 'OrderItem' could be found (are you missing a using directive or an assembly reference?) [D:\FPT Education\SP26\PRN232\PRN232_code\PRN232\FoodQR.API\FoodQR.API\FoodQR.API.csproj]
D:\FPT Education\SP26\PRN232\PRN232_code\PRN232\FoodQR.API\FoodQR.API\Application\Services\OrderService.cs(547,50): warning CS8602: Dereference of a possibly null reference. [D:\FPT Education\SP26\PRN232\PRN232_code\PRN232\FoodQR.API\FoodQR.API\FoodQR.API.csproj]
D:\FPT Education\SP26\PRN232\PRN232_code\PRN232\FoodQR.API\FoodQR.API\Application\Services\OrderService.cs(568,61): warning CS8602: Dereference of a possibly null reference. [D:\FPT Education\SP26\PRN232\PRN232_code\PRN232\FoodQR.API\FoodQR.API\FoodQR.API.csproj]
D:\FPT Education\SP26\PRN232\PRN232_code\PRN232\FoodQR.API\FoodQR.API\Application\Services\OrderService.cs(569,50): warning CS8602: Dereference of a possibly null reference. [D:\FPT Education\SP26\PRN232\PRN232_code\PRN232\FoodQR.API\FoodQR.API\FoodQR.API.csproj]

Build FAILED.

D:\FPT Education\SP26\PRN232\PRN232_code\PRN232\FoodQR.API\FoodQR.API\Controllers\TablesController.cs(116,28): warning CS8602: Dereference of a possibly null reference. [D:\FPT Education\SP26\PRN232\PRN232_code\PRN232\FoodQR.API\FoodQR.API\FoodQR.API.csproj]
D:\FPT Education\SP26\PRN232\PRN232_code\PRN232\FoodQR.API\FoodQR.API\Controllers\ProductsController.cs(48,32): warning CS8602: Dereference of a possibly null reference. [D:\FPT Education\SP26\PRN232\PRN232_code\PRN232\FoodQR.API\FoodQR.API\FoodQR.API.csproj]
D:\FPT Education\SP26\PRN232\PRN232_code\PRN232\FoodQR.API\FoodQR.API\Controllers\OrdersController.cs(112,65): warning CS8602: Dereference of a possibly null reference. [D:\FPT Education\SP26\PRN232\PRN232_code\PRN232\FoodQR.API\FoodQR.API\FoodQR.API.csproj]
D:\FPT Education\SP26\PRN232\PRN232_code\PRN232\FoodQR.API\FoodQR.API\Controllers\OrdersController.cs(115,65): warning CS8602: Dereference of a possibly null reference. [D:\FPT Education\SP26\PRN232\PRN232_code\PRN232\FoodQR.API\FoodQR.API\FoodQR.API.csproj]
D:\FPT Education\SP26\PRN232\PRN232_code\PRN232\FoodQR.API\FoodQR.API\Controllers\OrdersController.cs(117,75): warning CS8602: Dereference of a possibly null reference. [D:\FPT Education\SP26\PRN232\PRN232_code\PRN232\FoodQR.API\FoodQR.API\FoodQR.API.csproj]
D:\FPT Education\SP26\PRN232\PRN232_code\PRN232\FoodQR.API\FoodQR.API\Controllers\OrdersController.cs(118,77): warning CS8602: Dereference of a possibly null reference. [D:\FPT Education\SP26\PRN232\PRN232_code\PRN232\FoodQR.API\FoodQR.API\FoodQR.API.csproj]
D:\FPT Education\SP26\PRN232\PRN232_code\PRN232\FoodQR.API\FoodQR.API\Controllers\OrdersController.cs(119,78): warning CS8602: Dereference of a possibly null reference. [D:\FPT Education\SP26\PRN232\PRN232_code\PRN232\FoodQR.API\FoodQR.API\FoodQR.API.csproj]
D:\FPT Education\SP26\PRN232\PRN232_code\PRN232\FoodQR.API\FoodQR.API\Controllers\OrdersController.cs(147,29): warning CS8602: Dereference of a possibly null reference. [D:\FPT Education\SP26\PRN232\PRN232_code\PRN232\FoodQR.API\FoodQR.API\FoodQR.API.csproj]
D:\FPT Education\SP26\PRN232\PRN232_code\PRN232\FoodQR.API\FoodQR.API\Application\Services\OrderService.cs(317,31): warning CS8629: Nullable value type may be null. [D:\FPT Education\SP26\PRN232\PRN232_code\PRN232\FoodQR.API\FoodQR.API\FoodQR.API.csproj]
D:\FPT Education\SP26\PRN232\PRN232_code\PRN232\FoodQR.API\FoodQR.API\Application\Services\OrderService.cs(547,50): warning CS8602: Dereference of a possibly null reference. [D:\FPT Education\SP26\PRN232\PRN232_code\PRN232\FoodQR.API\FoodQR.API\FoodQR.API.csproj]
D:\FPT Education\SP26\PRN232\PRN232_code\PRN232\FoodQR.API\FoodQR.API\Application\Services\OrderService.cs(568,61): warning CS8602: Dereference of a possibly null reference. [D:\FPT Education\SP26\PRN232\PRN232_code\PRN232\FoodQR.API\FoodQR.API\FoodQR.API.csproj]
D:\FPT Education\SP26\PRN232\PRN232_code\PRN232\FoodQR.API\FoodQR.API\Application\Services\OrderService.cs(569,50): warning CS8602: Dereference of a possibly null reference. [D:\FPT Education\SP26\PRN232\PRN232_code\PRN232\FoodQR.API\FoodQR.API\FoodQR.API.csproj]
D:\FPT Education\SP26\PRN232\PRN232_code\PRN232\FoodQR.API\FoodQR.API\Application\Services\OrderService.cs(480,22): error CS1061: 'OrderItem' does not contain a definition for 'UpdatedAt' and no accessible extension method 'UpdatedAt' accepting a first argument of type 'OrderItem' could be found (are you missing a using directive or an assembly reference?) [D:\FPT Education\SP26\PRN232\PRN232_code\PRN232\FoodQR.API\FoodQR.API\FoodQR.API.csproj]
    12 Warning(s)
    1 Error(s)

Time Elapsed 00:00:02.13
